2024-11-11 14:35:11 [INFO] [RESOURCES] Attempting to load image: character_idle from assets/Image/Character/Idle/Idle_down.png
2024-11-11 14:35:11 [INFO] [RESOURCES] Successfully loaded image: character_idle
2024-11-11 14:35:11 [INFO] [RESOURCES] Attempting to load image: character_run from assets/Image/Character/running/running1.png
2024-11-11 14:35:11 [INFO] [RESOURCES] Successfully loaded image: character_run
2024-11-11 14:35:11 [INFO] [RESOURCES] Attempting to load image: main_background from assets/Image/Background/background-image.png
2024-11-11 14:35:11 [INFO] [RESOURCES] Successfully loaded image: main_background
2024-11-11 14:35:11 [INFO] [RESOURCES] Attempting to load image: blue_item from assets/Image/items/good_thing.jpg
2024-11-11 14:35:11 [INFO] [RESOURCES] Successfully loaded image: blue_item
2024-11-11 14:35:11 [INFO] [RESOURCES] Attempting to load image: green_item from assets/Image/items/tressure_thing.jpg
2024-11-11 14:35:11 [INFO] [RESOURCES] Successfully loaded image: green_item
2024-11-11 14:35:11 [INFO] [RESOURCES] Attempting to load image: red_item from assets/Image/items/bad_thing.jpg
2024-11-11 14:35:11 [INFO] [RESOURCES] Successfully loaded image: red_item
2024-11-11 14:35:11 [INFO] [RESOURCES] Failed to load sound collect: Unrecognized audio format
2024-11-11 14:35:11 [INFO] [RESOURCES] Failed to load sound hit: Unrecognized audio format
2024-11-11 14:35:27 [INFO] [COLLISION] Collision detected! Item points: 10
2024-11-11 14:35:27 [INFO] [COLLISION] Collision detected! Item points: 10
2024-11-11 14:35:30 [INFO] [COLLISION] Collision detected! Item points: 10
2024-11-11 14:35:31 [INFO] [COLLISION] Collision detected! Item points: 10
2024-11-11 14:35:35 [INFO] [COLLISION] Collision detected! Item points: 10
2024-11-11 14:35:35 [INFO] [COLLISION] Collision detected! Item points: 10
2024-11-11 14:35:36 [INFO] [COLLISION] Collision detected! Item points: 10
2024-11-11 14:35:39 [INFO] [COLLISION] Collision detected! Item points: 10
2024-11-11 14:35:41 [INFO] [COLLISION] Collision detected! Item points: 10
2024-11-11 14:35:41 [INFO] [COLLISION] Collision detected! Item points: 10
2024-11-11 14:35:41 [INFO] [COLLISION] Collision detected! Item points: 10
2024-11-11 14:35:43 [INFO] [COLLISION] Collision detected! Item points: 10
2024-11-11 14:35:45 [INFO] [COLLISION] Collision detected! Item points: 10
2024-11-11 14:35:46 [INFO] [COLLISION] Collision detected! Item points: 10
2024-11-11 14:35:47 [INFO] [COLLISION] Collision detected! Item points: 10
2024-11-11 14:35:50 [INFO] [COLLISION] Collision detected! Item points: -5
2024-11-11 14:35:51 [INFO] [COLLISION] Collision detected! Item points: 10
2024-11-11 14:35:54 [INFO] [COLLISION] Collision detected! Item points: 10
2024-11-11 14:35:55 [INFO] [COLLISION] Collision detected! Item points: -5
2024-11-11 14:35:57 [INFO] [COLLISION] Collision detected! Item points: -5
2024-11-11 14:35:58 [INFO] [COLLISION] Collision detected! Item points: 10
2024-11-11 14:36:00 [INFO] [COLLISION] Collision detected! Item points: 10
2024-11-11 14:36:00 [INFO] [COLLISION] Collision detected! Item points: 10
2024-11-11 14:36:02 [INFO] [COLLISION] Collision detected! Item points: 10
2024-11-11 14:36:04 [INFO] [COLLISION] Collision detected! Item points: 10
2024-11-11 14:36:05 [INFO] [COLLISION] Collision detected! Item points: 10
2024-11-11 14:36:05 [INFO] [COLLISION] Collision detected! Item points: -5
2024-11-11 14:36:08 [INFO] [COLLISION] Collision detected! Item points: 10
2024-11-11 14:36:10 [INFO] [COLLISION] Collision detected! Item points: 10
2024-11-11 14:36:11 [INFO] [COLLISION] Collision detected! Item points: 10
2024-11-11 14:36:12 [INFO] [COLLISION] Collision detected! Item points: 10
2024-11-11 14:36:13 [INFO] [COLLISION] Collision detected! Item points: 10
2024-11-11 14:36:16 [INFO] [SETTINGS] Entering settings from pause menu
2024-11-11 14:36:22 [INFO] [SETTINGS] Entering settings menu...
2024-11-11 14:36:23 [INFO] [SETTINGS] Settings menu result: main_menu
2024-11-11 14:36:31 [INFO] [COLLISION] Collision detected! Item points: 10
2024-11-11 14:36:32 [INFO] [COLLISION] Collision detected! Item points: 10
2024-11-11 14:36:35 [INFO] [COLLISION] Collision detected! Item points: 10
2024-11-11 14:36:36 [INFO] [COLLISION] Collision detected! Item points: 10
2024-11-11 14:36:38 [INFO] [COLLISION] Collision detected! Item points: 10
2024-11-11 14:36:39 [INFO] [COLLISION] Collision detected! Item points: 10
2024-11-11 14:36:40 [INFO] [COLLISION] Collision detected! Item points: 10
2024-11-11 14:36:43 [INFO] [COLLISION] Collision detected! Item points: -5
2024-11-11 14:36:44 [INFO] [COLLISION] Collision detected! Item points: 10
2024-11-11 14:36:45 [INFO] [COLLISION] Collision detected! Item points: 10
2024-11-11 14:36:46 [INFO] [COLLISION] Collision detected! Item points: 10
2024-11-11 14:36:48 [INFO] [COLLISION] Collision detected! Item points: 10
2024-11-11 14:36:51 [INFO] [SETTINGS] Entering settings from pause menu
2024-11-11 14:36:51 [INFO] [SETTINGS] Character speed adjusted to 1.5
2024-11-11 14:36:51 [INFO] [SETTINGS] Character speed adjusted to 2.0
2024-11-11 14:36:53 [INFO] [SETTINGS] Settings saved successfully
2024-11-11 14:41:35 [INFO] [RESOURCES] Attempting to load image: character_idle from assets/Image/Character/Idle/Idle_down.png
2024-11-11 14:41:35 [INFO] [RESOURCES] Successfully loaded image: character_idle
2024-11-11 14:41:35 [INFO] [RESOURCES] Attempting to load image: character_run from assets/Image/Character/running/running1.png
2024-11-11 14:41:35 [INFO] [RESOURCES] Successfully loaded image: character_run
2024-11-11 14:41:35 [INFO] [RESOURCES] Attempting to load image: main_background from assets/Image/Background/background-image.png
2024-11-11 14:41:35 [INFO] [RESOURCES] Successfully loaded image: main_background
2024-11-11 14:41:35 [INFO] [RESOURCES] Attempting to load image: blue_item from assets/Image/items/good_thing.jpg
2024-11-11 14:41:35 [INFO] [RESOURCES] Successfully loaded image: blue_item
2024-11-11 14:41:35 [INFO] [RESOURCES] Attempting to load image: green_item from assets/Image/items/tressure_thing.jpg
2024-11-11 14:41:35 [INFO] [RESOURCES] Successfully loaded image: green_item
2024-11-11 14:41:35 [INFO] [RESOURCES] Attempting to load image: red_item from assets/Image/items/bad_thing.jpg
2024-11-11 14:41:35 [INFO] [RESOURCES] Successfully loaded image: red_item
2024-11-11 14:41:35 [INFO] [RESOURCES] Failed to load sound collect: Unrecognized audio format
2024-11-11 14:41:35 [INFO] [RESOURCES] Failed to load sound hit: Unrecognized audio format
2024-11-11 14:41:47 [INFO] [COLLISION] Collision detected! Item points: 10
2024-11-11 14:41:51 [INFO] [COLLISION] Collision detected! Item points: 10
2024-11-11 14:41:53 [INFO] [SETTINGS] Entering settings from pause menu
2024-11-11 14:41:54 [INFO] [SETTINGS] Character speed adjusted to 1.5
2024-11-11 14:41:55 [INFO] [SETTINGS] Character speed adjusted to 2.0
2024-11-11 14:41:55 [INFO] [SETTINGS] Settings saved successfully
2024-11-11 14:41:55 [INFO] [SETTINGS] Exiting settings from_pause: True
2024-11-11 14:41:55 [INFO] [SETTINGS] Settings applied
2024-11-11 14:41:55 [INFO] [COLLISION] Collision detected! Item points: -5
2024-11-11 14:41:57 [INFO] [COLLISION] Collision detected! Item points: 10
2024-11-11 14:41:58 [INFO] [COLLISION] Collision detected! Item points: -5
2024-11-11 14:42:00 [INFO] [COLLISION] Collision detected! Item points: 10
2024-11-11 14:42:04 [INFO] [COLLISION] Collision detected! Item points: 10
2024-11-11 14:42:04 [INFO] [COLLISION] Collision detected! Item points: -5
2024-11-11 14:42:05 [INFO] [COLLISION] Collision detected! Item points: 10
2024-11-11 14:42:05 [INFO] [COLLISION] Collision detected! Item points: 10
2024-11-11 14:42:07 [INFO] [COLLISION] Collision detected! Item points: 10
2024-11-11 14:47:39 [INFO] [RESOURCES] Attempting to load image: character_idle from assets/Image/Character/Idle/Idle_down.png
2024-11-11 14:47:39 [INFO] [RESOURCES] Successfully loaded image: character_idle
2024-11-11 14:47:39 [INFO] [RESOURCES] Attempting to load image: character_run from assets/Image/Character/running/running1.png
2024-11-11 14:47:39 [INFO] [RESOURCES] Successfully loaded image: character_run
2024-11-11 14:47:39 [INFO] [RESOURCES] Attempting to load image: main_background from assets/Image/Background/background-image.png
2024-11-11 14:47:39 [INFO] [RESOURCES] Successfully loaded image: main_background
2024-11-11 14:47:39 [INFO] [RESOURCES] Attempting to load image: blue_item from assets/Image/items/good_thing.jpg
2024-11-11 14:47:39 [INFO] [RESOURCES] Successfully loaded image: blue_item
2024-11-11 14:47:39 [INFO] [RESOURCES] Attempting to load image: green_item from assets/Image/items/tressure_thing.jpg
2024-11-11 14:47:39 [INFO] [RESOURCES] Successfully loaded image: green_item
2024-11-11 14:47:39 [INFO] [RESOURCES] Attempting to load image: red_item from assets/Image/items/bad_thing.jpg
2024-11-11 14:47:39 [INFO] [RESOURCES] Successfully loaded image: red_item
2024-11-11 14:47:39 [INFO] [RESOURCES] Failed to load sound collect: Unrecognized audio format
2024-11-11 14:47:39 [INFO] [RESOURCES] Failed to load sound hit: Unrecognized audio format
2024-11-11 14:47:51 [INFO] [COLLISION] Collision detected! Item points: 10
2024-11-11 14:47:52 [INFO] [COLLISION] Collision detected! Item points: 10
2024-11-11 14:47:54 [INFO] [COLLISION] Collision detected! Item points: 10
2024-11-11 14:47:57 [INFO] [COLLISION] Collision detected! Item points: 10
2024-11-11 14:47:59 [INFO] [COLLISION] Collision detected! Item points: 10
2024-11-11 14:47:59 [INFO] [COLLISION] Collision detected! Item points: 10
2024-11-11 14:48:01 [INFO] [COLLISION] Collision detected! Item points: 10
2024-11-11 14:48:03 [INFO] [COLLISION] Collision detected! Item points: 10
2024-11-11 14:48:04 [INFO] [COLLISION] Collision detected! Item points: 10
2024-11-11 14:48:05 [INFO] [COLLISION] Collision detected! Item points: 10
2024-11-11 14:48:06 [INFO] [COLLISION] Collision detected! Item points: 10
2024-11-11 14:48:09 [INFO] [COLLISION] Collision detected! Item points: 10
2024-11-11 14:48:11 [INFO] [COLLISION] Collision detected! Item points: 10
2024-11-11 14:48:13 [INFO] [COLLISION] Collision detected! Item points: 10
2024-11-11 14:48:14 [INFO] [SETTINGS] Entering settings menu...
2024-11-11 14:48:15 [INFO] [SETTINGS] Exiting settings from_pause: False
2024-11-11 14:48:15 [INFO] [SETTINGS] Settings menu result: main_menu
2024-11-11 14:48:24 [INFO] [COLLISION] Collision detected! Item points: 10
2024-11-11 14:48:28 [INFO] [COLLISION] Collision detected! Item points: 10
2024-11-11 14:48:28 [INFO] [COLLISION] Collision detected! Item points: 10
2024-11-11 14:48:38 [INFO] [COLLISION] Collision detected! Item points: 10
2024-11-11 14:48:40 [INFO] [COLLISION] Collision detected! Item points: 10
2024-11-11 14:48:42 [INFO] [COLLISION] Collision detected! Item points: 10
2024-11-11 14:48:42 [INFO] [COLLISION] Collision detected! Item points: 10
2024-11-11 14:48:44 [INFO] [COLLISION] Collision detected! Item points: 10
2024-11-11 14:48:46 [INFO] [COLLISION] Collision detected! Item points: -5
2024-11-11 14:48:48 [INFO] [COLLISION] Collision detected! Item points: 10
2024-11-11 14:48:50 [INFO] [COLLISION] Collision detected! Item points: 10
2024-11-11 14:48:56 [INFO] [COLLISION] Collision detected! Item points: 10
2024-11-11 14:49:02 [INFO] [COLLISION] Collision detected! Item points: 10
2024-11-11 14:49:04 [INFO] [COLLISION] Collision detected! Item points: 10
2024-11-11 14:49:04 [INFO] [COLLISION] Collision detected! Item points: 10
2024-11-11 14:49:05 [INFO] [COLLISION] Collision detected! Item points: 10
2024-11-11 14:49:08 [INFO] [COLLISION] Collision detected! Item points: 10
2024-11-11 14:49:14 [INFO] [COLLISION] Collision detected! Item points: 10
2024-11-11 14:49:16 [INFO] [COLLISION] Collision detected! Item points: 10
2024-11-11 14:49:20 [INFO] [COLLISION] Collision detected! Item points: 10
2024-11-11 14:49:21 [INFO] [COLLISION] Collision detected! Item points: 10
2024-11-11 14:49:28 [INFO] [COLLISION] Collision detected! Item points: 10
2024-11-11 14:49:29 [INFO] [COLLISION] Collision detected! Item points: 10
2024-11-11 14:49:33 [INFO] [COLLISION] Collision detected! Item points: 10
2024-11-11 14:49:36 [INFO] [COLLISION] Collision detected! Item points: 10
2024-11-11 15:03:35 [INFO] [RESOURCES] Attempting to load image: character_idle from assets/Image/Character/Idle/Idle_down.png
2024-11-11 15:03:35 [INFO] [RESOURCES] Successfully loaded image: character_idle
2024-11-11 15:03:35 [INFO] [RESOURCES] Attempting to load image: character_run from assets/Image/Character/running/running1.png
2024-11-11 15:03:35 [INFO] [RESOURCES] Successfully loaded image: character_run
2024-11-11 15:03:35 [INFO] [RESOURCES] Attempting to load image: main_background from assets/Image/Background/background-image.png
2024-11-11 15:03:35 [INFO] [RESOURCES] Successfully loaded image: main_background
2024-11-11 15:03:35 [INFO] [RESOURCES] Attempting to load image: blue_item from assets/Image/items/good_thing.jpg
2024-11-11 15:03:35 [INFO] [RESOURCES] Successfully loaded image: blue_item
2024-11-11 15:03:35 [INFO] [RESOURCES] Attempting to load image: green_item from assets/Image/items/tressure_thing.jpg
2024-11-11 15:03:35 [INFO] [RESOURCES] Successfully loaded image: green_item
2024-11-11 15:03:35 [INFO] [RESOURCES] Attempting to load image: red_item from assets/Image/items/bad_thing.jpg
2024-11-11 15:03:35 [INFO] [RESOURCES] Successfully loaded image: red_item
2024-11-11 15:03:35 [INFO] [RESOURCES] Failed to load sound collect: Unrecognized audio format
2024-11-11 15:03:35 [INFO] [RESOURCES] Failed to load sound hit: Unrecognized audio format
2024-11-11 15:03:47 [INFO] [COLLISION] Collision detected! Item points: 10
2024-11-11 15:03:48 [INFO] [COLLISION] Collision detected! Item points: 10
2024-11-11 15:03:50 [INFO] [COLLISION] Collision detected! Item points: 10
2024-11-11 15:03:50 [INFO] [COLLISION] Collision detected! Item points: 10
2024-11-11 15:03:52 [INFO] [COLLISION] Collision detected! Item points: 10
2024-11-11 15:03:53 [INFO] [COLLISION] Collision detected! Item points: 10
2024-11-11 15:03:55 [INFO] [COLLISION] Collision detected! Item points: 10
2024-11-11 15:03:58 [INFO] [COLLISION] Collision detected! Item points: 10
2024-11-11 15:03:59 [INFO] [COLLISION] Collision detected! Item points: 10
2024-11-11 15:04:02 [INFO] [COLLISION] Collision detected! Item points: 10
2024-11-11 15:04:02 [INFO] [COLLISION] Collision detected! Item points: 10
2024-11-11 15:04:03 [INFO] [COLLISION] Collision detected! Item points: 10
2024-11-11 15:04:07 [INFO] [COLLISION] Collision detected! Item points: 10
2024-11-11 15:04:08 [INFO] [COLLISION] Collision detected! Item points: 10
2024-11-11 15:04:09 [INFO] [COLLISION] Collision detected! Item points: -5
2024-11-11 15:04:09 [INFO] [COLLISION] Collision detected! Item points: 10
2024-11-11 15:04:12 [INFO] [COLLISION] Collision detected! Item points: 10
2024-11-11 15:04:13 [INFO] [COLLISION] Collision detected! Item points: 10
2024-11-11 15:04:15 [INFO] [COLLISION] Collision detected! Item points: 10
2024-11-11 15:04:16 [INFO] [COLLISION] Collision detected! Item points: 10
2024-11-11 15:04:17 [INFO] [COLLISION] Collision detected! Item points: 10
2024-11-11 15:04:18 [INFO] [COLLISION] Collision detected! Item points: 10
2024-11-11 15:04:19 [INFO] [COLLISION] Collision detected! Item points: 10
2024-11-11 15:04:21 [INFO] [COLLISION] Collision detected! Item points: 10
2024-11-11 15:04:22 [INFO] [COLLISION] Collision detected! Item points: 10
2024-11-11 15:04:24 [INFO] [COLLISION] Collision detected! Item points: 10
2024-11-11 15:04:37 [INFO] [COLLISION] Collision detected! Item points: -5
2024-11-11 15:04:37 [INFO] [COLLISION] Collision detected! Item points: -5
2024-11-11 15:04:47 [INFO] [COLLISION] Collision detected! Item points: 10
2024-11-11 15:04:55 [INFO] [COLLISION] Collision detected! Item points: 10
2024-11-11 15:04:56 [INFO] [COLLISION] Collision detected! Item points: -5
2024-11-11 15:04:59 [INFO] [COLLISION] Collision detected! Item points: -5
2024-11-11 15:05:00 [INFO] [COLLISION] Collision detected! Item points: -5
2024-11-11 15:05:02 [INFO] [COLLISION] Collision detected! Item points: -5
2024-11-11 15:05:06 [INFO] [COLLISION] Collision detected! Item points: 10
2024-11-11 15:05:14 [INFO] [COLLISION] Collision detected! Item points: 10
2024-11-11 15:05:19 [INFO] [COLLISION] Collision detected! Item points: -5
2024-11-11 15:05:23 [INFO] [COLLISION] Collision detected! Item points: 10
2024-11-11 15:05:26 [INFO] [COLLISION] Collision detected! Item points: 10
2024-11-11 15:05:32 [INFO] [COLLISION] Collision detected! Item points: 10
2024-11-11 15:05:38 [INFO] [COLLISION] Collision detected! Item points: -5
2024-11-11 15:05:46 [INFO] [COLLISION] Collision detected! Item points: 10
2024-11-11 15:05:48 [INFO] [COLLISION] Collision detected! Item points: 10
2024-11-11 15:05:50 [INFO] [COLLISION] Collision detected! Item points: 10
2024-11-11 15:05:50 [INFO] [COLLISION] Collision detected! Item points: 10
2024-11-11 15:05:52 [INFO] [COLLISION] Collision detected! Item points: 10
2024-11-11 15:05:54 [INFO] [COLLISION] Collision detected! Item points: 10
2024-11-11 15:05:56 [INFO] [COLLISION] Collision detected! Item points: 10
2024-11-11 15:05:56 [INFO] [COLLISION] Collision detected! Item points: 10
2024-11-11 15:06:00 [INFO] [COLLISION] Collision detected! Item points: 10
2024-11-11 15:06:02 [INFO] [COLLISION] Collision detected! Item points: 10
2024-11-11 15:06:04 [INFO] [COLLISION] Collision detected! Item points: 10
2024-11-11 15:06:06 [INFO] [COLLISION] Collision detected! Item points: 10
2024-11-11 15:06:10 [INFO] [COLLISION] Collision detected! Item points: 10
2024-11-11 15:06:12 [INFO] [COLLISION] Collision detected! Item points: 10
2024-11-11 15:06:14 [INFO] [COLLISION] Collision detected! Item points: 10
2024-11-11 15:06:18 [INFO] [COLLISION] Collision detected! Item points: 10
2024-11-11 15:06:20 [INFO] [COLLISION] Collision detected! Item points: -5
2024-11-11 15:06:32 [INFO] [COLLISION] Collision detected! Item points: 10
2024-11-11 15:06:38 [INFO] [COLLISION] Collision detected! Item points: 10
2024-11-11 15:06:40 [INFO] [COLLISION] Collision detected! Item points: 10
2024-11-11 15:06:43 [INFO] [COLLISION] Collision detected! Item points: 10
2024-11-11 15:06:44 [INFO] [COLLISION] Collision detected! Item points: -5
2024-11-11 15:06:46 [INFO] [COLLISION] Collision detected! Item points: 10
2024-11-11 15:06:48 [INFO] [COLLISION] Collision detected! Item points: 10
2024-11-11 15:06:49 [INFO] [COLLISION] Collision detected! Item points: 10
2024-11-11 15:06:51 [INFO] [COLLISION] Collision detected! Item points: 10
2024-11-11 15:06:54 [INFO] [COLLISION] Collision detected! Item points: 10
2024-11-11 15:06:55 [INFO] [COLLISION] Collision detected! Item points: 10
2024-11-11 15:06:59 [INFO] [COLLISION] Collision detected! Item points: 10
2024-11-11 15:07:03 [INFO] [COLLISION] Collision detected! Item points: 10
2024-11-11 15:07:07 [INFO] [COLLISION] Collision detected! Item points: 10
2024-11-11 15:07:09 [INFO] [COLLISION] Collision detected! Item points: 10
2024-11-11 15:07:14 [INFO] [COLLISION] Collision detected! Item points: 10
2024-11-11 15:07:15 [INFO] [COLLISION] Collision detected! Item points: -5
2024-11-11 15:07:17 [INFO] [COLLISION] Collision detected! Item points: -5
2024-11-11 15:07:26 [INFO] [SETTINGS] Entering settings menu...
2024-11-11 15:07:27 [INFO] [SETTINGS] Exiting settings from_pause: False
2024-11-11 15:07:27 [INFO] [SETTINGS] Settings menu result: main_menu
2024-11-11 15:24:21 [INFO] [RESOURCES] Attempting to load image: character_idle from assets/Image/Character/Idle/Idle_down.png
2024-11-11 15:24:21 [INFO] [RESOURCES] Successfully loaded image: character_idle
2024-11-11 15:24:21 [INFO] [RESOURCES] Attempting to load image: character_run from assets/Image/Character/running/running1.png
2024-11-11 15:24:21 [INFO] [RESOURCES] Successfully loaded image: character_run
2024-11-11 15:24:21 [INFO] [RESOURCES] Attempting to load image: main_background from assets/Image/Background/background-image.png
2024-11-11 15:24:21 [INFO] [RESOURCES] Successfully loaded image: main_background
2024-11-11 15:24:21 [INFO] [RESOURCES] Attempting to load image: blue_item from assets/Image/items/good_thing.jpg
2024-11-11 15:24:21 [INFO] [RESOURCES] Successfully loaded image: blue_item
2024-11-11 15:24:21 [INFO] [RESOURCES] Attempting to load image: green_item from assets/Image/items/tressure_thing.jpg
2024-11-11 15:24:21 [INFO] [RESOURCES] Successfully loaded image: green_item
2024-11-11 15:24:21 [INFO] [RESOURCES] Attempting to load image: red_item from assets/Image/items/bad_thing.jpg
2024-11-11 15:24:21 [INFO] [RESOURCES] Successfully loaded image: red_item
2024-11-11 15:24:21 [INFO] [RESOURCES] Failed to load sound collect: Unrecognized audio format
2024-11-11 15:24:21 [INFO] [RESOURCES] Failed to load sound hit: Unrecognized audio format
2024-11-11 15:24:24 [ERROR] [GAME] Error updating world: 'Game' object has no attribute 'current_level'
2024-11-11 15:24:24 [ERROR] [GAME] Error updating world: 'Game' object has no attribute 'current_level'
2024-11-11 15:24:24 [ERROR] [GAME] Error updating world: 'Game' object has no attribute 'current_level'
2024-11-11 15:24:24 [ERROR] [GAME] Error updating world: 'Game' object has no attribute 'current_level'
2024-11-11 15:24:24 [ERROR] [GAME] Error updating world: 'Game' object has no attribute 'current_level'
2024-11-11 15:24:24 [ERROR] [GAME] Error updating world: 'Game' object has no attribute 'current_level'
2024-11-11 15:24:24 [ERROR] [GAME] Error updating world: 'Game' object has no attribute 'current_level'
2024-11-11 15:24:24 [ERROR] [GAME] Error updating world: 'Game' object has no attribute 'current_level'
2024-11-11 15:24:24 [ERROR] [GAME] Error updating world: 'Game' object has no attribute 'current_level'
2024-11-11 15:24:24 [ERROR] [GAME] Error updating world: 'Game' object has no attribute 'current_level'
2024-11-11 15:24:24 [ERROR] [GAME] Error updating world: 'Game' object has no attribute 'current_level'
2024-11-11 15:24:24 [ERROR] [GAME] Error updating world: 'Game' object has no attribute 'current_level'
2024-11-11 15:24:24 [ERROR] [GAME] Error updating world: 'Game' object has no attribute 'current_level'
2024-11-11 15:24:24 [ERROR] [GAME] Error updating world: 'Game' object has no attribute 'current_level'
2024-11-11 15:24:24 [ERROR] [GAME] Error updating world: 'Game' object has no attribute 'current_level'
2024-11-11 15:24:24 [ERROR] [GAME] Error updating world: 'Game' object has no attribute 'current_level'
2024-11-11 15:24:24 [ERROR] [GAME] Error updating world: 'Game' object has no attribute 'current_level'
2024-11-11 15:24:24 [ERROR] [GAME] Error updating world: 'Game' object has no attribute 'current_level'
2024-11-11 15:24:24 [ERROR] [GAME] Error updating world: 'Game' object has no attribute 'current_level'
2024-11-11 15:24:24 [ERROR] [GAME] Error updating world: 'Game' object has no attribute 'current_level'
2024-11-11 15:24:24 [ERROR] [GAME] Error updating world: 'Game' object has no attribute 'current_level'
2024-11-11 15:24:24 [ERROR] [GAME] Error updating world: 'Game' object has no attribute 'current_level'
2024-11-11 15:24:24 [ERROR] [GAME] Error updating world: 'Game' object has no attribute 'current_level'
2024-11-11 15:24:24 [ERROR] [GAME] Error updating world: 'Game' object has no attribute 'current_level'
2024-11-11 15:24:24 [ERROR] [GAME] Error updating world: 'Game' object has no attribute 'current_level'
2024-11-11 15:24:24 [ERROR] [GAME] Error updating world: 'Game' object has no attribute 'current_level'
2024-11-11 15:24:24 [ERROR] [GAME] Error updating world: 'Game' object has no attribute 'current_level'
2024-11-11 15:24:24 [ERROR] [GAME] Error updating world: 'Game' object has no attribute 'current_level'
2024-11-11 15:24:24 [ERROR] [GAME] Error updating world: 'Game' object has no attribute 'current_level'
2024-11-11 15:24:24 [ERROR] [GAME] Error updating world: 'Game' object has no attribute 'current_level'
2024-11-11 15:24:24 [ERROR] [GAME] Error updating world: 'Game' object has no attribute 'current_level'
2024-11-11 15:24:24 [ERROR] [GAME] Error updating world: 'Game' object has no attribute 'current_level'
2024-11-11 15:24:24 [ERROR] [GAME] Error updating world: 'Game' object has no attribute 'current_level'
2024-11-11 15:24:24 [ERROR] [GAME] Error updating world: 'Game' object has no attribute 'current_level'
2024-11-11 15:24:24 [ERROR] [GAME] Error updating world: 'Game' object has no attribute 'current_level'
2024-11-11 15:24:24 [ERROR] [GAME] Error updating world: 'Game' object has no attribute 'current_level'
2024-11-11 15:24:24 [ERROR] [GAME] Error updating world: 'Game' object has no attribute 'current_level'
2024-11-11 15:24:24 [ERROR] [GAME] Error updating world: 'Game' object has no attribute 'current_level'
2024-11-11 15:24:24 [ERROR] [GAME] Error updating world: 'Game' object has no attribute 'current_level'
2024-11-11 15:24:24 [ERROR] [GAME] Error updating world: 'Game' object has no attribute 'current_level'
2024-11-11 15:24:24 [ERROR] [GAME] Error updating world: 'Game' object has no attribute 'current_level'
2024-11-11 15:24:24 [ERROR] [GAME] Error updating world: 'Game' object has no attribute 'current_level'
2024-11-11 15:24:24 [ERROR] [GAME] Error updating world: 'Game' object has no attribute 'current_level'
2024-11-11 15:24:25 [ERROR] [GAME] Error updating world: 'Game' object has no attribute 'current_level'
2024-11-11 15:24:25 [ERROR] [GAME] Error updating world: 'Game' object has no attribute 'current_level'
2024-11-11 15:24:25 [ERROR] [GAME] Error updating world: 'Game' object has no attribute 'current_level'
2024-11-11 15:24:25 [ERROR] [GAME] Error updating world: 'Game' object has no attribute 'current_level'
2024-11-11 15:24:25 [ERROR] [GAME] Error updating world: 'Game' object has no attribute 'current_level'
2024-11-11 15:24:25 [ERROR] [GAME] Error updating world: 'Game' object has no attribute 'current_level'
2024-11-11 15:24:25 [ERROR] [GAME] Error updating world: 'Game' object has no attribute 'current_level'
2024-11-11 15:24:25 [ERROR] [GAME] Error updating world: 'Game' object has no attribute 'current_level'
2024-11-11 15:24:25 [ERROR] [GAME] Error updating world: 'Game' object has no attribute 'current_level'
2024-11-11 15:24:25 [ERROR] [GAME] Error updating world: 'Game' object has no attribute 'current_level'
2024-11-11 15:24:25 [ERROR] [GAME] Error updating world: 'Game' object has no attribute 'current_level'
2024-11-11 15:24:25 [ERROR] [GAME] Error updating world: 'Game' object has no attribute 'current_level'
2024-11-11 15:24:25 [ERROR] [GAME] Error updating world: 'Game' object has no attribute 'current_level'
2024-11-11 15:24:25 [ERROR] [GAME] Error updating world: 'Game' object has no attribute 'current_level'
2024-11-11 15:24:25 [ERROR] [GAME] Error updating world: 'Game' object has no attribute 'current_level'
2024-11-11 15:24:25 [ERROR] [GAME] Error updating world: 'Game' object has no attribute 'current_level'
2024-11-11 15:24:25 [ERROR] [GAME] Error updating world: 'Game' object has no attribute 'current_level'
2024-11-11 15:24:25 [ERROR] [GAME] Error updating world: 'Game' object has no attribute 'current_level'
2024-11-11 15:24:25 [ERROR] [GAME] Error updating world: 'Game' object has no attribute 'current_level'
2024-11-11 15:24:25 [ERROR] [GAME] Error updating world: 'Game' object has no attribute 'current_level'
2024-11-11 15:24:25 [ERROR] [GAME] Error updating world: 'Game' object has no attribute 'current_level'
2024-11-11 15:24:25 [ERROR] [GAME] Error updating world: 'Game' object has no attribute 'current_level'
2024-11-11 15:24:25 [ERROR] [GAME] Error updating world: 'Game' object has no attribute 'current_level'
2024-11-11 15:24:25 [ERROR] [GAME] Error updating world: 'Game' object has no attribute 'current_level'
2024-11-11 15:24:25 [ERROR] [GAME] Error updating world: 'Game' object has no attribute 'current_level'
2024-11-11 15:24:25 [ERROR] [GAME] Error updating world: 'Game' object has no attribute 'current_level'
2024-11-11 15:24:25 [ERROR] [GAME] Error updating world: 'Game' object has no attribute 'current_level'
2024-11-11 15:24:25 [ERROR] [GAME] Error updating world: 'Game' object has no attribute 'current_level'
2024-11-11 15:24:25 [ERROR] [GAME] Error updating world: 'Game' object has no attribute 'current_level'
2024-11-11 15:24:25 [ERROR] [GAME] Error updating world: 'Game' object has no attribute 'current_level'
2024-11-11 15:24:25 [ERROR] [GAME] Error updating world: 'Game' object has no attribute 'current_level'
2024-11-11 15:24:25 [ERROR] [GAME] Error updating world: 'Game' object has no attribute 'current_level'
2024-11-11 15:24:25 [ERROR] [GAME] Error updating world: 'Game' object has no attribute 'current_level'
2024-11-11 15:24:25 [ERROR] [GAME] Error updating world: 'Game' object has no attribute 'current_level'
2024-11-11 15:24:25 [ERROR] [GAME] Error updating world: 'Game' object has no attribute 'current_level'
2024-11-11 15:24:25 [ERROR] [GAME] Error updating world: 'Game' object has no attribute 'current_level'
2024-11-11 15:24:25 [ERROR] [GAME] Error updating world: 'Game' object has no attribute 'current_level'
2024-11-11 15:24:25 [ERROR] [GAME] Error updating world: 'Game' object has no attribute 'current_level'
2024-11-11 15:24:25 [ERROR] [GAME] Error updating world: 'Game' object has no attribute 'current_level'
2024-11-11 15:24:25 [ERROR] [GAME] Error updating world: 'Game' object has no attribute 'current_level'
2024-11-11 15:24:25 [ERROR] [GAME] Error updating world: 'Game' object has no attribute 'current_level'
2024-11-11 15:24:25 [ERROR] [GAME] Error updating world: 'Game' object has no attribute 'current_level'
2024-11-11 15:24:25 [ERROR] [GAME] Error updating world: 'Game' object has no attribute 'current_level'
2024-11-11 15:24:25 [ERROR] [GAME] Error updating world: 'Game' object has no attribute 'current_level'
2024-11-11 15:24:25 [ERROR] [GAME] Error updating world: 'Game' object has no attribute 'current_level'
2024-11-11 15:24:25 [ERROR] [GAME] Error updating world: 'Game' object has no attribute 'current_level'
2024-11-11 15:24:25 [ERROR] [GAME] Error updating world: 'Game' object has no attribute 'current_level'
2024-11-11 15:24:25 [ERROR] [GAME] Error updating world: 'Game' object has no attribute 'current_level'
2024-11-11 15:24:25 [ERROR] [GAME] Error updating world: 'Game' object has no attribute 'current_level'
2024-11-11 15:24:25 [ERROR] [GAME] Error updating world: 'Game' object has no attribute 'current_level'
2024-11-11 15:24:25 [ERROR] [GAME] Error updating world: 'Game' object has no attribute 'current_level'
2024-11-11 15:24:25 [ERROR] [GAME] Error updating world: 'Game' object has no attribute 'current_level'
2024-11-11 15:24:25 [ERROR] [GAME] Error updating world: 'Game' object has no attribute 'current_level'
2024-11-11 15:24:25 [ERROR] [GAME] Error updating world: 'Game' object has no attribute 'current_level'
2024-11-11 15:24:25 [ERROR] [GAME] Error updating world: 'Game' object has no attribute 'current_level'
2024-11-11 15:24:25 [ERROR] [GAME] Error updating world: 'Game' object has no attribute 'current_level'
2024-11-11 15:24:25 [ERROR] [GAME] Error updating world: 'Game' object has no attribute 'current_level'
2024-11-11 15:24:25 [ERROR] [GAME] Error updating world: 'Game' object has no attribute 'current_level'
2024-11-11 15:24:25 [ERROR] [GAME] Error updating world: 'Game' object has no attribute 'current_level'
2024-11-11 15:24:25 [ERROR] [GAME] Error updating world: 'Game' object has no attribute 'current_level'
2024-11-11 15:24:26 [ERROR] [GAME] Error updating world: 'Game' object has no attribute 'current_level'
2024-11-11 15:24:26 [ERROR] [GAME] Error updating world: 'Game' object has no attribute 'current_level'
2024-11-11 15:24:26 [ERROR] [GAME] Error updating world: 'Game' object has no attribute 'current_level'
2024-11-11 15:24:26 [ERROR] [GAME] Error updating world: 'Game' object has no attribute 'current_level'
2024-11-11 15:24:26 [ERROR] [GAME] Error updating world: 'Game' object has no attribute 'current_level'
2024-11-11 15:24:26 [ERROR] [GAME] Error updating world: 'Game' object has no attribute 'current_level'
2024-11-11 15:24:26 [ERROR] [GAME] Error updating world: 'Game' object has no attribute 'current_level'
2024-11-11 15:24:26 [ERROR] [GAME] Error updating world: 'Game' object has no attribute 'current_level'
2024-11-11 15:24:26 [ERROR] [GAME] Error updating world: 'Game' object has no attribute 'current_level'
2024-11-11 15:24:26 [ERROR] [GAME] Error updating world: 'Game' object has no attribute 'current_level'
2024-11-11 15:24:26 [ERROR] [GAME] Error updating world: 'Game' object has no attribute 'current_level'
2024-11-11 15:24:26 [ERROR] [GAME] Error updating world: 'Game' object has no attribute 'current_level'
2024-11-11 15:24:26 [ERROR] [GAME] Error updating world: 'Game' object has no attribute 'current_level'
2024-11-11 15:24:26 [ERROR] [GAME] Error updating world: 'Game' object has no attribute 'current_level'
2024-11-11 15:24:26 [ERROR] [GAME] Error updating world: 'Game' object has no attribute 'current_level'
2024-11-11 15:24:26 [ERROR] [GAME] Error updating world: 'Game' object has no attribute 'current_level'
2024-11-11 15:24:26 [ERROR] [GAME] Error updating world: 'Game' object has no attribute 'current_level'
2024-11-11 15:24:26 [ERROR] [GAME] Error updating world: 'Game' object has no attribute 'current_level'
2024-11-11 15:24:26 [ERROR] [GAME] Error updating world: 'Game' object has no attribute 'current_level'
2024-11-11 15:24:26 [ERROR] [GAME] Error updating world: 'Game' object has no attribute 'current_level'
2024-11-11 15:24:26 [ERROR] [GAME] Error updating world: 'Game' object has no attribute 'current_level'
2024-11-11 15:24:26 [ERROR] [GAME] Error updating world: 'Game' object has no attribute 'current_level'
2024-11-11 15:24:26 [ERROR] [GAME] Error updating world: 'Game' object has no attribute 'current_level'
2024-11-11 15:24:26 [ERROR] [GAME] Error updating world: 'Game' object has no attribute 'current_level'
2024-11-11 15:24:26 [ERROR] [GAME] Error updating world: 'Game' object has no attribute 'current_level'
2024-11-11 15:24:26 [ERROR] [GAME] Error updating world: 'Game' object has no attribute 'current_level'
2024-11-11 15:24:26 [ERROR] [GAME] Error updating world: 'Game' object has no attribute 'current_level'
2024-11-11 15:24:26 [ERROR] [GAME] Error updating world: 'Game' object has no attribute 'current_level'
2024-11-11 15:24:26 [ERROR] [GAME] Error updating world: 'Game' object has no attribute 'current_level'
2024-11-11 15:24:26 [ERROR] [GAME] Error updating world: 'Game' object has no attribute 'current_level'
2024-11-11 15:24:26 [ERROR] [GAME] Error updating world: 'Game' object has no attribute 'current_level'
2024-11-11 15:24:26 [ERROR] [GAME] Error updating world: 'Game' object has no attribute 'current_level'
2024-11-11 15:24:26 [ERROR] [GAME] Error updating world: 'Game' object has no attribute 'current_level'
2024-11-11 15:24:26 [ERROR] [GAME] Error updating world: 'Game' object has no attribute 'current_level'
2024-11-11 15:24:26 [ERROR] [GAME] Error updating world: 'Game' object has no attribute 'current_level'
2024-11-11 15:24:26 [ERROR] [GAME] Error updating world: 'Game' object has no attribute 'current_level'
2024-11-11 15:24:26 [ERROR] [GAME] Error updating world: 'Game' object has no attribute 'current_level'
2024-11-11 15:24:26 [ERROR] [GAME] Error updating world: 'Game' object has no attribute 'current_level'
2024-11-11 15:24:26 [ERROR] [GAME] Error updating world: 'Game' object has no attribute 'current_level'
2024-11-11 15:24:26 [ERROR] [GAME] Error updating world: 'Game' object has no attribute 'current_level'
2024-11-11 15:24:26 [ERROR] [GAME] Error updating world: 'Game' object has no attribute 'current_level'
2024-11-11 15:24:26 [ERROR] [GAME] Error updating world: 'Game' object has no attribute 'current_level'
2024-11-11 15:24:26 [ERROR] [GAME] Error updating world: 'Game' object has no attribute 'current_level'
2024-11-11 15:24:26 [ERROR] [GAME] Error updating world: 'Game' object has no attribute 'current_level'
2024-11-11 15:24:26 [ERROR] [GAME] Error updating world: 'Game' object has no attribute 'current_level'
2024-11-11 15:24:26 [ERROR] [GAME] Error updating world: 'Game' object has no attribute 'current_level'
2024-11-11 15:24:26 [ERROR] [GAME] Error updating world: 'Game' object has no attribute 'current_level'
2024-11-11 15:24:26 [ERROR] [GAME] Error updating world: 'Game' object has no attribute 'current_level'
2024-11-11 15:24:26 [ERROR] [GAME] Error updating world: 'Game' object has no attribute 'current_level'
2024-11-11 15:24:26 [ERROR] [GAME] Error updating world: 'Game' object has no attribute 'current_level'
2024-11-11 15:24:26 [ERROR] [GAME] Error updating world: 'Game' object has no attribute 'current_level'
2024-11-11 15:24:26 [ERROR] [GAME] Error updating world: 'Game' object has no attribute 'current_level'
2024-11-11 15:24:26 [ERROR] [GAME] Error updating world: 'Game' object has no attribute 'current_level'
2024-11-11 15:24:26 [ERROR] [GAME] Error updating world: 'Game' object has no attribute 'current_level'
2024-11-11 15:24:26 [ERROR] [GAME] Error updating world: 'Game' object has no attribute 'current_level'
2024-11-11 15:24:26 [ERROR] [GAME] Error updating world: 'Game' object has no attribute 'current_level'
2024-11-11 15:24:26 [ERROR] [GAME] Error updating world: 'Game' object has no attribute 'current_level'
2024-11-11 15:24:26 [ERROR] [GAME] Error updating world: 'Game' object has no attribute 'current_level'
2024-11-11 15:24:26 [ERROR] [GAME] Error updating world: 'Game' object has no attribute 'current_level'
2024-11-11 15:24:26 [ERROR] [GAME] Error updating world: 'Game' object has no attribute 'current_level'
2024-11-11 15:24:26 [ERROR] [GAME] Error updating world: 'Game' object has no attribute 'current_level'
2024-11-11 15:24:27 [ERROR] [GAME] Error updating world: 'Game' object has no attribute 'current_level'
2024-11-11 15:24:27 [ERROR] [GAME] Error updating world: 'Game' object has no attribute 'current_level'
2024-11-11 15:24:27 [ERROR] [GAME] Error updating world: 'Game' object has no attribute 'current_level'
2024-11-11 15:24:27 [ERROR] [GAME] Error updating world: 'Game' object has no attribute 'current_level'
2024-11-11 15:24:27 [ERROR] [GAME] Error updating world: 'Game' object has no attribute 'current_level'
2024-11-11 15:24:27 [ERROR] [GAME] Error updating world: 'Game' object has no attribute 'current_level'
2024-11-11 15:31:59 [INFO] [RESOURCES] Attempting to load image: character_idle from assets/Image/Character/Idle/Idle_down.png
2024-11-11 15:31:59 [INFO] [RESOURCES] Successfully loaded image: character_idle
2024-11-11 15:31:59 [INFO] [RESOURCES] Attempting to load image: character_run from assets/Image/Character/running/running1.png
2024-11-11 15:31:59 [INFO] [RESOURCES] Successfully loaded image: character_run
2024-11-11 15:31:59 [INFO] [RESOURCES] Attempting to load image: main_background from assets/Image/Background/background-image.png
2024-11-11 15:31:59 [INFO] [RESOURCES] Successfully loaded image: main_background
2024-11-11 15:31:59 [INFO] [RESOURCES] Attempting to load image: blue_item from assets/Image/items/good_thing.jpg
2024-11-11 15:31:59 [INFO] [RESOURCES] Successfully loaded image: blue_item
2024-11-11 15:31:59 [INFO] [RESOURCES] Attempting to load image: green_item from assets/Image/items/tressure_thing.jpg
2024-11-11 15:31:59 [INFO] [RESOURCES] Successfully loaded image: green_item
2024-11-11 15:31:59 [INFO] [RESOURCES] Attempting to load image: red_item from assets/Image/items/bad_thing.jpg
2024-11-11 15:31:59 [INFO] [RESOURCES] Successfully loaded image: red_item
2024-11-11 15:31:59 [INFO] [RESOURCES] Failed to load sound collect: Unrecognized audio format
2024-11-11 15:31:59 [INFO] [RESOURCES] Failed to load sound hit: Unrecognized audio format
2024-11-11 15:32:12 [INFO] [COLLISION] Collision detected! Item points: 10
2024-11-11 15:32:15 [INFO] [COLLISION] Collision detected! Item points: 10
2024-11-11 15:32:17 [INFO] [COLLISION] Collision detected! Item points: 10
2024-11-11 15:32:19 [INFO] [COLLISION] Collision detected! Item points: 10
2024-11-11 15:32:20 [INFO] [COLLISION] Collision detected! Item points: 10
2024-11-11 15:32:21 [INFO] [COLLISION] Collision detected! Item points: 10
2024-11-11 15:32:23 [INFO] [COLLISION] Collision detected! Item points: 10
2024-11-11 15:32:25 [INFO] [SETTINGS] Entering settings menu...
2024-11-11 15:32:26 [INFO] [SETTINGS] Exiting settings from_pause: False
2024-11-11 15:32:26 [INFO] [SETTINGS] Settings menu result: main_menu
2024-11-11 15:32:38 [INFO] [RESOURCES] Attempting to load image: character_idle from assets/Image/Character/Idle/Idle_down.png
2024-11-11 15:32:38 [INFO] [RESOURCES] Successfully loaded image: character_idle
2024-11-11 15:32:38 [INFO] [RESOURCES] Attempting to load image: character_run from assets/Image/Character/running/running1.png
2024-11-11 15:32:38 [INFO] [RESOURCES] Successfully loaded image: character_run
2024-11-11 15:32:38 [INFO] [RESOURCES] Attempting to load image: main_background from assets/Image/Background/background-image.png
2024-11-11 15:32:38 [INFO] [RESOURCES] Successfully loaded image: main_background
2024-11-11 15:32:38 [INFO] [RESOURCES] Attempting to load image: blue_item from assets/Image/items/good_thing.jpg
2024-11-11 15:32:38 [INFO] [RESOURCES] Successfully loaded image: blue_item
2024-11-11 15:32:38 [INFO] [RESOURCES] Attempting to load image: green_item from assets/Image/items/tressure_thing.jpg
2024-11-11 15:32:38 [INFO] [RESOURCES] Successfully loaded image: green_item
2024-11-11 15:32:38 [INFO] [RESOURCES] Attempting to load image: red_item from assets/Image/items/bad_thing.jpg
2024-11-11 15:32:38 [INFO] [RESOURCES] Successfully loaded image: red_item
2024-11-11 15:32:38 [INFO] [RESOURCES] Failed to load sound collect: Unrecognized audio format
2024-11-11 15:32:38 [INFO] [RESOURCES] Failed to load sound hit: Unrecognized audio format
2024-11-11 15:32:46 [INFO] [COLLISION] Collision detected! Item points: 10
2024-11-11 15:32:46 [INFO] [COLLISION] Collision detected! Item points: -5
2024-11-11 15:32:56 [INFO] [COLLISION] Collision detected! Item points: 10
2024-11-11 15:32:58 [INFO] [COLLISION] Collision detected! Item points: 10
2024-11-11 15:32:58 [INFO] [COLLISION] Collision detected! Item points: 10
2024-11-11 15:33:00 [INFO] [COLLISION] Collision detected! Item points: 10
2024-11-11 15:33:01 [INFO] [COLLISION] Collision detected! Item points: 10
2024-11-11 15:33:05 [INFO] [COLLISION] Collision detected! Item points: 10
2024-11-11 15:33:06 [INFO] [COLLISION] Collision detected! Item points: 10
2024-11-11 15:33:08 [INFO] [COLLISION] Collision detected! Item points: 10
2024-11-11 15:33:10 [INFO] [SETTINGS] Entering settings menu...
2024-11-11 15:33:12 [INFO] [SETTINGS] Exiting settings from_pause: False
2024-11-11 15:33:12 [INFO] [SETTINGS] Settings menu result: main_menu
2024-11-11 15:51:19 [INFO] [RESOURCES] Attempting to load image: character_idle from assets/Image/Character/Idle/Idle_down.png
2024-11-11 15:51:19 [INFO] [RESOURCES] Successfully loaded image: character_idle
2024-11-11 15:51:19 [INFO] [RESOURCES] Attempting to load image: character_run from assets/Image/Character/running/running1.png
2024-11-11 15:51:19 [INFO] [RESOURCES] Successfully loaded image: character_run
2024-11-11 15:51:19 [INFO] [RESOURCES] Attempting to load image: main_background from assets/Image/Background/background-image.png
2024-11-11 15:51:19 [INFO] [RESOURCES] Successfully loaded image: main_background
2024-11-11 15:51:19 [INFO] [RESOURCES] Attempting to load image: blue_item from assets/Image/items/good_thing.jpg
2024-11-11 15:51:19 [INFO] [RESOURCES] Successfully loaded image: blue_item
2024-11-11 15:51:19 [INFO] [RESOURCES] Attempting to load image: green_item from assets/Image/items/tressure_thing.jpg
2024-11-11 15:51:19 [INFO] [RESOURCES] Successfully loaded image: green_item
2024-11-11 15:51:19 [INFO] [RESOURCES] Attempting to load image: red_item from assets/Image/items/bad_thing.jpg
2024-11-11 15:51:19 [INFO] [RESOURCES] Successfully loaded image: red_item
2024-11-11 15:51:19 [INFO] [RESOURCES] Failed to load sound collect: Unrecognized audio format
2024-11-11 15:51:19 [INFO] [RESOURCES] Failed to load sound hit: Unrecognized audio format
2024-11-11 15:51:35 [INFO] [COLLISION] Collision detected! Item points: 10
2024-11-11 15:51:37 [INFO] [COLLISION] Collision detected! Item points: 10
2024-11-11 15:51:39 [INFO] [COLLISION] Collision detected! Item points: 10
2024-11-11 15:51:45 [INFO] [SETTINGS] Entering settings menu...
2024-11-11 15:51:49 [INFO] [SETTINGS] Exiting settings from_pause: False
2024-11-11 15:51:49 [INFO] [SETTINGS] Settings menu result: main_menu
2024-11-11 15:51:56 [INFO] [SETTINGS] Entering settings from pause menu
2024-11-11 15:51:57 [INFO] [SETTINGS] Exiting settings from_pause: True
2024-11-11 15:51:57 [INFO] [SETTINGS] Settings applied
2024-11-11 15:52:00 [INFO] [SETTINGS] Entering settings menu...
2024-11-11 15:52:03 [INFO] [SETTINGS] Exiting settings from_pause: False
2024-11-11 15:52:03 [INFO] [SETTINGS] Settings menu result: main_menu
2024-11-11 15:52:07 [INFO] [SETTINGS] Entering settings menu...
2024-11-11 15:52:08 [INFO] [SETTINGS] Exiting settings from_pause: False
2024-11-11 15:52:08 [INFO] [SETTINGS] Settings menu result: main_menu
2024-11-11 15:54:11 [INFO] [RESOURCES] Attempting to load image: character_idle from assets/Image/Character/Idle/Idle_down.png
2024-11-11 15:54:11 [INFO] [RESOURCES] Successfully loaded image: character_idle
2024-11-11 15:54:11 [INFO] [RESOURCES] Attempting to load image: character_run from assets/Image/Character/running/running1.png
2024-11-11 15:54:11 [INFO] [RESOURCES] Successfully loaded image: character_run
2024-11-11 15:54:11 [INFO] [RESOURCES] Attempting to load image: main_background from assets/Image/Background/background-image.png
2024-11-11 15:54:11 [INFO] [RESOURCES] Successfully loaded image: main_background
2024-11-11 15:54:11 [INFO] [RESOURCES] Attempting to load image: blue_item from assets/Image/items/good_thing.jpg
2024-11-11 15:54:11 [INFO] [RESOURCES] Successfully loaded image: blue_item
2024-11-11 15:54:11 [INFO] [RESOURCES] Attempting to load image: green_item from assets/Image/items/tressure_thing.jpg
2024-11-11 15:54:11 [INFO] [RESOURCES] Successfully loaded image: green_item
2024-11-11 15:54:11 [INFO] [RESOURCES] Attempting to load image: red_item from assets/Image/items/bad_thing.jpg
2024-11-11 15:54:11 [INFO] [RESOURCES] Successfully loaded image: red_item
2024-11-11 15:54:11 [INFO] [RESOURCES] Failed to load sound collect: Unrecognized audio format
2024-11-11 15:54:11 [INFO] [RESOURCES] Failed to load sound hit: Unrecognized audio format
2024-11-11 16:03:03 [INFO] [RESOURCES] Attempting to load image: character_idle from assets/Image/Character/Idle/Idle_down.png
2024-11-11 16:03:03 [INFO] [RESOURCES] Successfully loaded image: character_idle
2024-11-11 16:03:03 [INFO] [RESOURCES] Attempting to load image: character_run from assets/Image/Character/running/running1.png
2024-11-11 16:03:03 [INFO] [RESOURCES] Successfully loaded image: character_run
2024-11-11 16:03:03 [INFO] [RESOURCES] Attempting to load image: main_background from assets/Image/Background/background-image.png
2024-11-11 16:03:03 [INFO] [RESOURCES] Successfully loaded image: main_background
2024-11-11 16:03:03 [INFO] [RESOURCES] Attempting to load image: blue_item from assets/Image/items/good_thing.jpg
2024-11-11 16:03:03 [INFO] [RESOURCES] Successfully loaded image: blue_item
2024-11-11 16:03:03 [INFO] [RESOURCES] Attempting to load image: green_item from assets/Image/items/tressure_thing.jpg
2024-11-11 16:03:03 [INFO] [RESOURCES] Successfully loaded image: green_item
2024-11-11 16:03:03 [INFO] [RESOURCES] Attempting to load image: red_item from assets/Image/items/bad_thing.jpg
2024-11-11 16:03:03 [INFO] [RESOURCES] Successfully loaded image: red_item
2024-11-11 16:03:03 [INFO] [RESOURCES] Failed to load sound collect: Unrecognized audio format
2024-11-11 16:03:03 [INFO] [RESOURCES] Failed to load sound hit: Unrecognized audio format
2024-11-11 16:12:42 [INFO] [RESOURCES] Attempting to load image: character_idle from assets/Image/Character/Idle/Idle_down.png
2024-11-11 16:12:42 [INFO] [RESOURCES] Successfully loaded image: character_idle
2024-11-11 16:12:42 [INFO] [RESOURCES] Attempting to load image: character_run from assets/Image/Character/running/running1.png
2024-11-11 16:12:42 [INFO] [RESOURCES] Successfully loaded image: character_run
2024-11-11 16:12:42 [INFO] [RESOURCES] Attempting to load image: main_background from assets/Image/Background/background-image.png
2024-11-11 16:12:42 [INFO] [RESOURCES] Successfully loaded image: main_background
2024-11-11 16:12:42 [INFO] [RESOURCES] Attempting to load image: blue_item from assets/Image/items/good_thing.jpg
2024-11-11 16:12:42 [INFO] [RESOURCES] Successfully loaded image: blue_item
2024-11-11 16:12:42 [INFO] [RESOURCES] Attempting to load image: green_item from assets/Image/items/tressure_thing.jpg
2024-11-11 16:12:42 [INFO] [RESOURCES] Successfully loaded image: green_item
2024-11-11 16:12:42 [INFO] [RESOURCES] Attempting to load image: red_item from assets/Image/items/bad_thing.jpg
2024-11-11 16:12:42 [INFO] [RESOURCES] Successfully loaded image: red_item
2024-11-11 16:12:42 [INFO] [RESOURCES] Failed to load sound collect: Unrecognized audio format
2024-11-11 16:12:42 [INFO] [RESOURCES] Failed to load sound hit: Unrecognized audio format
2024-11-11 16:12:44 [INFO] [SETTINGS] Entering settings menu...
2024-11-11 16:12:44 [ERROR] [SETTINGS] Error in settings menu display: 'SettingsMenu' object has no attribute 'adjust_volume'
2024-11-11 16:12:44 [INFO] [SETTINGS] Settings menu result: main_menu
2024-11-11 16:12:44 [INFO] [SETTINGS] Entering settings menu...
2024-11-11 16:12:44 [ERROR] [SETTINGS] Error in settings menu display: 'SettingsMenu' object has no attribute 'adjust_volume'
2024-11-11 16:12:44 [INFO] [SETTINGS] Settings menu result: main_menu
2024-11-11 16:12:44 [INFO] [SETTINGS] Entering settings menu...
2024-11-11 16:12:44 [ERROR] [SETTINGS] Error in settings menu display: 'SettingsMenu' object has no attribute 'adjust_volume'
2024-11-11 16:12:44 [INFO] [SETTINGS] Settings menu result: main_menu
2024-11-11 16:12:44 [INFO] [SETTINGS] Entering settings menu...
2024-11-11 16:12:44 [ERROR] [SETTINGS] Error in settings menu display: 'SettingsMenu' object has no attribute 'adjust_volume'
2024-11-11 16:12:44 [INFO] [SETTINGS] Settings menu result: main_menu
2024-11-11 16:12:44 [INFO] [SETTINGS] Entering settings menu...
2024-11-11 16:12:44 [ERROR] [SETTINGS] Error in settings menu display: 'SettingsMenu' object has no attribute 'adjust_volume'
2024-11-11 16:12:44 [INFO] [SETTINGS] Settings menu result: main_menu
2024-11-11 16:12:45 [INFO] [SETTINGS] Entering settings menu...
2024-11-11 16:12:45 [ERROR] [SETTINGS] Error in settings menu display: 'SettingsMenu' object has no attribute 'adjust_volume'
2024-11-11 16:12:45 [INFO] [SETTINGS] Settings menu result: main_menu
2024-11-11 16:12:45 [INFO] [SETTINGS] Entering settings menu...
2024-11-11 16:12:45 [ERROR] [SETTINGS] Error in settings menu display: 'SettingsMenu' object has no attribute 'adjust_volume'
2024-11-11 16:12:45 [INFO] [SETTINGS] Settings menu result: main_menu
2024-11-11 16:12:45 [INFO] [SETTINGS] Entering settings menu...
2024-11-11 16:12:45 [ERROR] [SETTINGS] Error in settings menu display: 'SettingsMenu' object has no attribute 'adjust_volume'
2024-11-11 16:12:45 [INFO] [SETTINGS] Settings menu result: main_menu
2024-11-11 16:12:45 [INFO] [SETTINGS] Entering settings menu...
2024-11-11 16:12:45 [ERROR] [SETTINGS] Error in settings menu display: 'SettingsMenu' object has no attribute 'adjust_volume'
2024-11-11 16:12:45 [INFO] [SETTINGS] Settings menu result: main_menu
2024-11-11 16:15:30 [INFO] [RESOURCES] Attempting to load image: character_idle from assets/Image/Character/Idle/Idle_down.png
2024-11-11 16:15:30 [INFO] [RESOURCES] Successfully loaded image: character_idle
2024-11-11 16:15:30 [INFO] [RESOURCES] Attempting to load image: character_run from assets/Image/Character/running/running1.png
2024-11-11 16:15:30 [INFO] [RESOURCES] Successfully loaded image: character_run
2024-11-11 16:15:30 [INFO] [RESOURCES] Attempting to load image: main_background from assets/Image/Background/background-image.png
2024-11-11 16:15:30 [INFO] [RESOURCES] Successfully loaded image: main_background
2024-11-11 16:15:30 [INFO] [RESOURCES] Attempting to load image: blue_item from assets/Image/items/good_thing.jpg
2024-11-11 16:15:30 [INFO] [RESOURCES] Successfully loaded image: blue_item
2024-11-11 16:15:30 [INFO] [RESOURCES] Attempting to load image: green_item from assets/Image/items/tressure_thing.jpg
2024-11-11 16:15:30 [INFO] [RESOURCES] Successfully loaded image: green_item
2024-11-11 16:15:30 [INFO] [RESOURCES] Attempting to load image: red_item from assets/Image/items/bad_thing.jpg
2024-11-11 16:15:30 [INFO] [RESOURCES] Successfully loaded image: red_item
2024-11-11 16:15:30 [INFO] [RESOURCES] Failed to load sound collect: Unrecognized audio format
2024-11-11 16:15:30 [INFO] [RESOURCES] Failed to load sound hit: Unrecognized audio format
2024-11-11 16:15:31 [INFO] [SETTINGS] Entering settings menu...
2024-11-11 16:15:31 [ERROR] [SETTINGS] Error in settings menu display: type object 'Colors' has no attribute 'LIGHTGRAY'
2024-11-11 16:15:31 [INFO] [SETTINGS] Settings menu result: main_menu
2024-11-11 16:15:31 [INFO] [SETTINGS] Entering settings menu...
2024-11-11 16:15:31 [ERROR] [SETTINGS] Error in settings menu display: type object 'Colors' has no attribute 'LIGHTGRAY'
2024-11-11 16:15:31 [INFO] [SETTINGS] Settings menu result: main_menu
2024-11-11 16:15:31 [INFO] [SETTINGS] Entering settings menu...
2024-11-11 16:15:31 [ERROR] [SETTINGS] Error in settings menu display: type object 'Colors' has no attribute 'LIGHTGRAY'
2024-11-11 16:15:31 [INFO] [SETTINGS] Settings menu result: main_menu
2024-11-11 16:15:31 [INFO] [SETTINGS] Entering settings menu...
2024-11-11 16:15:31 [ERROR] [SETTINGS] Error in settings menu display: type object 'Colors' has no attribute 'LIGHTGRAY'
2024-11-11 16:15:31 [INFO] [SETTINGS] Settings menu result: main_menu
2024-11-11 16:15:31 [INFO] [SETTINGS] Entering settings menu...
2024-11-11 16:15:31 [ERROR] [SETTINGS] Error in settings menu display: type object 'Colors' has no attribute 'LIGHTGRAY'
2024-11-11 16:15:31 [INFO] [SETTINGS] Settings menu result: main_menu
2024-11-11 16:15:31 [INFO] [SETTINGS] Entering settings menu...
2024-11-11 16:15:31 [ERROR] [SETTINGS] Error in settings menu display: type object 'Colors' has no attribute 'LIGHTGRAY'
2024-11-11 16:15:31 [INFO] [SETTINGS] Settings menu result: main_menu
2024-11-11 16:15:31 [INFO] [SETTINGS] Entering settings menu...
2024-11-11 16:15:31 [ERROR] [SETTINGS] Error in settings menu display: type object 'Colors' has no attribute 'LIGHTGRAY'
2024-11-11 16:15:31 [INFO] [SETTINGS] Settings menu result: main_menu
2024-11-11 16:15:31 [INFO] [SETTINGS] Entering settings menu...
2024-11-11 16:15:31 [ERROR] [SETTINGS] Error in settings menu display: type object 'Colors' has no attribute 'LIGHTGRAY'
2024-11-11 16:15:31 [INFO] [SETTINGS] Settings menu result: main_menu
2024-11-11 16:15:31 [INFO] [SETTINGS] Entering settings menu...
2024-11-11 16:15:31 [ERROR] [SETTINGS] Error in settings menu display: type object 'Colors' has no attribute 'LIGHTGRAY'
2024-11-11 16:15:31 [INFO] [SETTINGS] Settings menu result: main_menu
2024-11-11 16:16:18 [ERROR] [INIT] Initialization failed: type object 'Colors' has no attribute 'GRAY_HOVER'
2024-11-11 16:16:18 [ERROR] Traceback (most recent call last):
  File "c:\Users\param\OneDrive\Documents\GitHub\Selection-Lesson\PygameProject\src\game\game.py", line 26, in __init__
    self.initialize_game_variables()
  File "c:\Users\param\OneDrive\Documents\GitHub\Selection-Lesson\PygameProject\src\game\game.py", line 55, in initialize_game_variables
    self.GRAY_HOVER = Colors.GRAY_HOVER
                      ^^^^^^^^^^^^^^^^^
AttributeError: type object 'Colors' has no attribute 'GRAY_HOVER'

2024-11-11 16:16:18 [ERROR] [INIT] Initialization error: type object 'Colors' has no attribute 'GRAY_HOVER'
2024-11-11 16:19:19 [ERROR] [INIT] Initialization failed: type object 'Colors' has no attribute 'GRAY_HOVER'
2024-11-11 16:19:19 [ERROR] Traceback (most recent call last):
  File "c:\Users\param\OneDrive\Documents\GitHub\Selection-Lesson\PygameProject\src\game\game.py", line 26, in __init__
    self.initialize_game_variables()
  File "c:\Users\param\OneDrive\Documents\GitHub\Selection-Lesson\PygameProject\src\game\game.py", line 55, in initialize_game_variables
    self.GRAY_HOVER = Colors.GRAY_HOVER
                      ^^^^^^^^^^^^^^^^^
AttributeError: type object 'Colors' has no attribute 'GRAY_HOVER'

2024-11-11 16:19:19 [ERROR] [INIT] Initialization error: type object 'Colors' has no attribute 'GRAY_HOVER'
2024-11-11 16:20:50 [INFO] [RESOURCES] Attempting to load image: character_idle from assets/Image/Character/Idle/Idle_down.png
2024-11-11 16:20:50 [INFO] [RESOURCES] Successfully loaded image: character_idle
2024-11-11 16:20:50 [INFO] [RESOURCES] Attempting to load image: character_run from assets/Image/Character/running/running1.png
2024-11-11 16:20:50 [INFO] [RESOURCES] Successfully loaded image: character_run
2024-11-11 16:20:50 [INFO] [RESOURCES] Attempting to load image: main_background from assets/Image/Background/background-image.png
2024-11-11 16:20:50 [INFO] [RESOURCES] Successfully loaded image: main_background
2024-11-11 16:20:50 [INFO] [RESOURCES] Attempting to load image: blue_item from assets/Image/items/good_thing.jpg
2024-11-11 16:20:50 [INFO] [RESOURCES] Successfully loaded image: blue_item
2024-11-11 16:20:50 [INFO] [RESOURCES] Attempting to load image: green_item from assets/Image/items/tressure_thing.jpg
2024-11-11 16:20:50 [INFO] [RESOURCES] Successfully loaded image: green_item
2024-11-11 16:20:50 [INFO] [RESOURCES] Attempting to load image: red_item from assets/Image/items/bad_thing.jpg
2024-11-11 16:20:50 [INFO] [RESOURCES] Successfully loaded image: red_item
2024-11-11 16:20:50 [INFO] [RESOURCES] Failed to load sound collect: Unrecognized audio format
2024-11-11 16:20:50 [INFO] [RESOURCES] Failed to load sound hit: Unrecognized audio format
2024-11-11 16:20:54 [INFO] [SETTINGS] Entering settings menu...
2024-11-11 16:21:14 [INFO] [SETTINGS] Invalid input: 10%
2024-11-11 16:21:34 [INFO] [SETTINGS] Settings menu result: main_menu
2024-11-11 16:30:00 [INFO] [RESOURCES] Attempting to load image: character_idle from assets/Image/Character/Idle/Idle_down.png
2024-11-11 16:30:00 [INFO] [RESOURCES] Successfully loaded image: character_idle
2024-11-11 16:30:00 [INFO] [RESOURCES] Attempting to load image: character_run from assets/Image/Character/running/running1.png
2024-11-11 16:30:00 [INFO] [RESOURCES] Successfully loaded image: character_run
2024-11-11 16:30:00 [INFO] [RESOURCES] Attempting to load image: main_background from assets/Image/Background/background-image.png
2024-11-11 16:30:00 [INFO] [RESOURCES] Successfully loaded image: main_background
2024-11-11 16:30:00 [INFO] [RESOURCES] Attempting to load image: blue_item from assets/Image/items/good_thing.jpg
2024-11-11 16:30:00 [INFO] [RESOURCES] Successfully loaded image: blue_item
2024-11-11 16:30:00 [INFO] [RESOURCES] Attempting to load image: green_item from assets/Image/items/tressure_thing.jpg
2024-11-11 16:30:00 [INFO] [RESOURCES] Successfully loaded image: green_item
2024-11-11 16:30:00 [INFO] [RESOURCES] Attempting to load image: red_item from assets/Image/items/bad_thing.jpg
2024-11-11 16:30:00 [INFO] [RESOURCES] Successfully loaded image: red_item
2024-11-11 16:30:00 [INFO] [RESOURCES] Failed to load sound collect: Unrecognized audio format
2024-11-11 16:30:00 [INFO] [RESOURCES] Failed to load sound hit: Unrecognized audio format
2024-11-11 16:30:02 [INFO] [SETTINGS] Entering settings menu...
2024-11-11 16:30:33 [INFO] [SETTINGS] Saving settings
2024-11-11 16:30:33 [ERROR] [SETTINGS] Error displaying settings menu: 'Setting' object has no attribute 'save'
2024-11-11 16:34:10 [INFO] [RESOURCES] Attempting to load image: character_idle from assets/Image/Character/Idle/Idle_down.png
2024-11-11 16:34:10 [INFO] [RESOURCES] Successfully loaded image: character_idle
2024-11-11 16:34:10 [INFO] [RESOURCES] Attempting to load image: character_run from assets/Image/Character/running/running1.png
2024-11-11 16:34:10 [INFO] [RESOURCES] Successfully loaded image: character_run
2024-11-11 16:34:10 [INFO] [RESOURCES] Attempting to load image: main_background from assets/Image/Background/background-image.png
2024-11-11 16:34:10 [INFO] [RESOURCES] Successfully loaded image: main_background
2024-11-11 16:34:10 [INFO] [RESOURCES] Attempting to load image: blue_item from assets/Image/items/good_thing.jpg
2024-11-11 16:34:10 [INFO] [RESOURCES] Successfully loaded image: blue_item
2024-11-11 16:34:10 [INFO] [RESOURCES] Attempting to load image: green_item from assets/Image/items/tressure_thing.jpg
2024-11-11 16:34:10 [INFO] [RESOURCES] Successfully loaded image: green_item
2024-11-11 16:34:10 [INFO] [RESOURCES] Attempting to load image: red_item from assets/Image/items/bad_thing.jpg
2024-11-11 16:34:10 [INFO] [RESOURCES] Successfully loaded image: red_item
2024-11-11 16:34:10 [INFO] [RESOURCES] Failed to load sound collect: Unrecognized audio format
2024-11-11 16:34:10 [INFO] [RESOURCES] Failed to load sound hit: Unrecognized audio format
2024-11-11 16:34:18 [INFO] [SETTINGS] Entering settings from pause menu
2024-11-11 16:34:34 [INFO] [SETTINGS] Saving settings
2024-11-11 16:34:34 [ERROR] [GAME] GAME LOOP CRITICAL ERROR: 'Setting' object has no attribute 'save'
2024-11-11 16:34:34 [ERROR] [GAME] Full traceback: Traceback (most recent call last):
  File "c:\Users\param\OneDrive\Documents\GitHub\Selection-Lesson\PygameProject\src\game\game.py", line 346, in game_loop
    pause_result = self.handle_pause()
                   ^^^^^^^^^^^^^^^^^^^
  File "c:\Users\param\OneDrive\Documents\GitHub\Selection-Lesson\PygameProject\src\game\game.py", line 205, in handle_pause
    return self.handle_settings_from_pause()
           ^^^^^^^^^^^^^^^^^^^^^^^^^^^^^^^^^
  File "c:\Users\param\OneDrive\Documents\GitHub\Selection-Lesson\PygameProject\src\game\game.py", line 217, in handle_settings_from_pause
    settings_result = settings_menu.display()
                      ^^^^^^^^^^^^^^^^^^^^^^^
  File "c:\Users\param\OneDrive\Documents\GitHub\Selection-Lesson\PygameProject\src\ui\interface.py", line 424, in display
    return self.handle_exit()
           ^^^^^^^^^^^^^^^^^^
  File "c:\Users\param\OneDrive\Documents\GitHub\Selection-Lesson\PygameProject\src\ui\interface.py", line 456, in handle_exit
    self.settings.save()
    ^^^^^^^^^^^^^^^^^^
AttributeError: 'Setting' object has no attribute 'save'

2024-11-11 16:37:48 [INFO] [RESOURCES] Attempting to load image: character_idle from assets/Image/Character/Idle/Idle_down.png
2024-11-11 16:37:48 [INFO] [RESOURCES] Successfully loaded image: character_idle
2024-11-11 16:37:48 [INFO] [RESOURCES] Attempting to load image: character_run from assets/Image/Character/running/running1.png
2024-11-11 16:37:48 [INFO] [RESOURCES] Successfully loaded image: character_run
2024-11-11 16:37:48 [INFO] [RESOURCES] Attempting to load image: main_background from assets/Image/Background/background-image.png
2024-11-11 16:37:48 [INFO] [RESOURCES] Successfully loaded image: main_background
2024-11-11 16:37:48 [INFO] [RESOURCES] Attempting to load image: blue_item from assets/Image/items/good_thing.jpg
2024-11-11 16:37:48 [INFO] [RESOURCES] Successfully loaded image: blue_item
2024-11-11 16:37:48 [INFO] [RESOURCES] Attempting to load image: green_item from assets/Image/items/tressure_thing.jpg
2024-11-11 16:37:48 [INFO] [RESOURCES] Successfully loaded image: green_item
2024-11-11 16:37:48 [INFO] [RESOURCES] Attempting to load image: red_item from assets/Image/items/bad_thing.jpg
2024-11-11 16:37:48 [INFO] [RESOURCES] Successfully loaded image: red_item
2024-11-11 16:37:48 [INFO] [RESOURCES] Failed to load sound collect: Unrecognized audio format
2024-11-11 16:37:48 [INFO] [RESOURCES] Failed to load sound hit: Unrecognized audio format
2024-11-11 16:37:49 [INFO] [SETTINGS] Entering settings menu...
2024-11-11 16:38:22 [INFO] [SETTINGS] Saving settings
2024-11-11 16:38:22 [INFO] [SETTINGS] Settings menu result: main_menu
2024-11-11 16:38:25 [INFO] [SETTINGS] Entering settings menu...
2024-11-11 16:38:28 [INFO] [SETTINGS] Saving settings
2024-11-11 16:38:28 [INFO] [SETTINGS] Settings menu result: main_menu
2024-11-11 16:44:33 [ERROR] [AUDIO] Failed to load background music: No file 'path/to/your/background_music.mp3' found in working directory 'C:\Users\param\OneDrive\Documents\GitHub\Selection-Lesson\PygameProject'.
2024-11-11 16:44:33 [INFO] [RESOURCES] Attempting to load image: character_idle from assets/Image/Character/Idle/Idle_down.png
2024-11-11 16:44:33 [INFO] [RESOURCES] Successfully loaded image: character_idle
2024-11-11 16:44:33 [INFO] [RESOURCES] Attempting to load image: character_run from assets/Image/Character/running/running1.png
2024-11-11 16:44:33 [INFO] [RESOURCES] Successfully loaded image: character_run
2024-11-11 16:44:33 [INFO] [RESOURCES] Attempting to load image: main_background from assets/Image/Background/background-image.png
2024-11-11 16:44:33 [INFO] [RESOURCES] Successfully loaded image: main_background
2024-11-11 16:44:33 [INFO] [RESOURCES] Attempting to load image: blue_item from assets/Image/items/good_thing.jpg
2024-11-11 16:44:33 [INFO] [RESOURCES] Successfully loaded image: blue_item
2024-11-11 16:44:33 [INFO] [RESOURCES] Attempting to load image: green_item from assets/Image/items/tressure_thing.jpg
2024-11-11 16:44:33 [INFO] [RESOURCES] Successfully loaded image: green_item
2024-11-11 16:44:33 [INFO] [RESOURCES] Attempting to load image: red_item from assets/Image/items/bad_thing.jpg
2024-11-11 16:44:33 [INFO] [RESOURCES] Successfully loaded image: red_item
2024-11-11 16:44:33 [INFO] [RESOURCES] Failed to load sound collect: Unrecognized audio format
2024-11-11 16:44:33 [INFO] [RESOURCES] Failed to load sound hit: Unrecognized audio format
2024-11-11 16:44:39 [INFO] [SETTINGS] Entering settings from pause menu
2024-11-11 16:44:50 [INFO] [SETTINGS] Saving settings
2024-11-11 16:44:51 [INFO] [COLLISION] Collision detected! Item points: 10
2024-11-12 20:04:33 [ERROR] [AUDIO] Failed to load background music: No file 'path/to/your/background_music.mp3' found in working directory 'C:\Users\param\OneDrive\Documents\GitHub\Selection-Lesson\PygameProject'.
2024-11-12 20:04:33 [INFO] [RESOURCES] Attempting to load image: character_idle from assets/Image/Character/Idle/Idle_down.png
2024-11-12 20:04:33 [INFO] [RESOURCES] Successfully loaded image: character_idle
2024-11-12 20:04:33 [INFO] [RESOURCES] Attempting to load image: character_run from assets/Image/Character/running/running1.png
2024-11-12 20:04:33 [INFO] [RESOURCES] Successfully loaded image: character_run
2024-11-12 20:04:33 [INFO] [RESOURCES] Attempting to load image: main_background from assets/Image/Background/background-image.png
2024-11-12 20:04:33 [INFO] [RESOURCES] Successfully loaded image: main_background
2024-11-12 20:04:33 [INFO] [RESOURCES] Attempting to load image: blue_item from assets/Image/items/good_thing.jpg
2024-11-12 20:04:33 [INFO] [RESOURCES] Successfully loaded image: blue_item
2024-11-12 20:04:33 [INFO] [RESOURCES] Attempting to load image: green_item from assets/Image/items/tressure_thing.jpg
2024-11-12 20:04:33 [INFO] [RESOURCES] Successfully loaded image: green_item
2024-11-12 20:04:33 [INFO] [RESOURCES] Attempting to load image: red_item from assets/Image/items/bad_thing.jpg
2024-11-12 20:04:33 [INFO] [RESOURCES] Successfully loaded image: red_item
2024-11-12 20:04:33 [INFO] [RESOURCES] Failed to load sound collect: Unrecognized audio format
2024-11-12 20:04:33 [INFO] [RESOURCES] Failed to load sound hit: Unrecognized audio format
2024-11-12 20:04:41 [INFO] [SETTINGS] Entering settings menu...
2024-11-12 20:04:47 [INFO] [SETTINGS] Invalid input for character_speed. Value clamped to 1
2024-11-12 20:04:58 [INFO] [SETTINGS] Saving settings
2024-11-12 20:04:58 [INFO] [SETTINGS] Settings menu result: main_menu
2024-11-12 20:05:10 [INFO] [SETTINGS] Entering settings menu...
2024-11-12 20:05:11 [INFO] [SETTINGS] Saving settings
2024-11-12 20:05:11 [INFO] [SETTINGS] Settings menu result: main_menu
